warning: No library characterized for (process = 1.00 voltage = 0.85 temperature = 25.00) can be found in the database for power domain '/PD_TOP'  [NL-174]
Report Power (instances with prefix '*' are included in total) : 
-----+-----------------+--------------------+---------------------+-------------------+-----------------
     | Instance        | Internal Power(uw) | Switching Power(uw) | Leakage Power(uw) | Total Power(uw) 
-----+-----------------+--------------------+---------------------+-------------------+-----------------
<<<<<<< HEAD
1    |*counter         |           12.970172|            32.886921|           0.610360|        46.467453
2    |*priority_encoder|           33.295689|            65.050598|           0.982816|        99.329102
3    |*state_holder    |           13.352933|            27.481203|           0.341241|        41.175377
4    |*output_decoder  |            2.937685|             9.588662|           0.188646|        12.714994
5    |*i_0_0_0         |            0.364796|             0.204921|           0.026733|         0.596451
6    |*i_0_0_1         |            0.167103|             0.277094|           0.022695|         0.466892
7    |                 |                    |                     |                   |                 
8    |*TOTAL           |           63.088379|           135.489395|           2.172491|       200.750275
=======
1    |*counter         |           13.600545|            34.484795|           0.610360|        48.695702
2    |*priority_encoder|           36.472023|            67.247238|           0.982816|       104.702080
3    |*state_holder    |           20.351219|            44.561020|           0.449216|        65.361458
4    |*output_decoder  |           25.335922|            27.555979|           0.282835|        53.174736
5    |*i_0_0_0         |            0.402348|             0.204921|           0.026733|         0.634003
6    |*i_0_0_1         |            0.181993|             0.273792|           0.022695|         0.478480
7    |                 |                    |                     |                   |                 
8    |*TOTAL           |           96.344055|           174.327759|           2.374655|       273.046478
>>>>>>> 4cad45fd98b359e9ccf0f37605bf955e7b30e8a0
-----+-----------------+--------------------+---------------------+-------------------+-----------------
