Report End Points: 
-----+-------+------+-------+------+-----+-----+-----+----------------+-----------------------
     |Group  |Launch|Capture|Shift |Delay|Depth|Slack|Begin Point     |End Point              
-----+-------+------+-------+------+-----+-----+-----+----------------+-----------------------
1    |default|sysclk|sysclk |1000.0|105.7|    3|717.4|counter/i_0/Q[3]|state_holder/Q_reg[0]/D
2    |default|sysclk|sysclk |1000.0| 93.5|    3|729.6|counter/i_0/Q[3]|state_holder/Q_reg[2]/D
3    |default|sysclk|sysclk |1000.0| 84.9|    4|730.4|counter/i_0/Q[3]|state_holder/Q_reg[1]/D
-----+-------+------+-------+------+-----+-----+-----+----------------+-----------------------
Report End Points: 
-----+-----+--------------+-------+------+-----+-----+-----+--------------+-----------------------
     |Group|Launch        |Capture|Shift |Delay|Depth|Slack|Begin Point   |End Point              
-----+-----+--------------+-------+------+-----+-----+-----+--------------+-----------------------
1    |I2R  |rtDefaultClock|sysclk |1000.0|282.2|    6|676.9|temperature[0]|state_holder/Q_reg[0]/D
2    |I2R  |rtDefaultClock|sysclk |1000.0|237.0|    7|714.3|temperature[0]|state_holder/Q_reg[1]/D
3    |I2R  |rtDefaultClock|sysclk |1000.0|237.3|    6|721.8|temperature[0]|state_holder/Q_reg[2]/D
-----+-----+--------------+-------+------+-----+-----+-----+--------------+-----------------------
Report End Points: 
-----+-----+------+-------+-----+-----+-----+-----+-----------+---------
     |Group|Launch|Capture|Shift|Delay|Depth|Slack|Begin Point|End Point
-----+-----+------+-------+-----+-----+-----+-----+-----------+---------
1    |I2O  |      |       |     |     |     |     |           |         
-----+-----+------+-------+-----+-----+-----+-----+-----------+---------
Report End Points: 
-----+-----+------+-------+------+-----+-----+-----+-----------------------+------------
     |Group|Launch|Capture|Shift |Delay|Depth|Slack|Begin Point            |End Point   
-----+-----+------+-------+------+-----+-----+-----+-----------------------+------------
1    |R2O  |sysclk|vsysclk|1000.0| 60.5|    2|689.5|state_holder/Q_reg[0]/Q|alarm_buzzer
2    |R2O  |sysclk|vsysclk|1000.0| 56.9|    2|692.9|state_holder/Q_reg[1]/Q|rear_door   
3    |R2O  |sysclk|vsysclk|1000.0| 56.9|    2|693.1|state_holder/Q_reg[0]/Q|front_door  
-----+-----+------+-------+------+-----+-----+-----+-----------------------+------------
