Report End Points: 
-----+-------+------+-------+-----+-----+-----+-----+-----------------------+------------------
     |Group  |Launch|Capture|Shift|Delay|Depth|Slack|Begin Point            |End Point         
-----+-------+------+-------+-----+-----+-----+-----+-----------------------+------------------
1    |default|sysclk|sysclk |750.0|462.5|   13|133.8|stage2/product_reg[1]/Q|stage3/C_reg[21]/D
2    |default|sysclk|sysclk |750.0|459.7|   15|136.6|stage2/product_reg[1]/Q|stage3/C_reg[17]/D
3    |default|sysclk|sysclk |750.0|462.8|   14|142.7|stage2/product_reg[1]/Q|stage3/C_reg[22]/D
-----+-------+------+-------+-----+-----+-----+-----+-----------------------+------------------
Report End Points: 
-----+-----+--------------+-------+------+-----+-----+-----+-----------+-------------------------
     |Group|Launch        |Capture|Shift |Delay|Depth|Slack|Begin Point|End Point                
-----+-----+--------------+-------+------+-----+-----+-----+-----------+-------------------------
1    |I2R  |rtDefaultClock|sysclk |1500.0|654.5|   18|111.6|enable     |stage1/operand2_reg[14]/D
2    |I2R  |rtDefaultClock|sysclk |1500.0|654.5|   18|111.6|enable     |stage1/operand1_reg[14]/D
3    |I2R  |rtDefaultClock|sysclk |1500.0|627.9|   17|130.8|enable     |stage1/operand2_reg[13]/D
-----+-----+--------------+-------+------+-----+-----+-----+-----------+-------------------------
Report End Points: 
-----+-----+------+-------+-----+-----+-----+-----+-----------+---------
     |Group|Launch|Capture|Shift|Delay|Depth|Slack|Begin Point|End Point
-----+-----+------+-------+-----+-----+-----+-----+-----------+---------
1    |I2O  |      |       |     |     |     |     |           |         
-----+-----+------+-------+-----+-----+-----+-----+-----------+---------
Report End Points: 
-----+-----+------+-------+-----+-----+-----+------+------------------+---------
     |Group|Launch|Capture|Shift|Delay|Depth|Slack |Begin Point       |End Point
-----+-----+------+-------+-----+-----+-----+------+------------------+---------
1    |R2O  |sysclk|vsysclk|250.0|  0.5|    0|-166.6|stage3/C_reg[29]/Q|C[29]    
2    |R2O  |sysclk|vsysclk|250.0|  0.5|    0|-166.5|stage3/C_reg[30]/Q|C[30]    
3    |R2O  |sysclk|vsysclk|250.0|  0.5|    0|-166.5|stage3/C_reg[28]/Q|C[28]    
-----+-----+------+-------+-----+-----+-----+------+------------------+---------
