Report End Points: 
-----+-------+------+-------+------+-----+-----+------+----------------+-----------------------
     |Group  |Launch|Capture|Shift |Delay|Depth|Slack |Begin Point     |End Point              
-----+-------+------+-------+------+-----+-----+------+----------------+-----------------------
1    |default|sysclk|sysclk |1500.0| 76.0|    2|1226.4|counter/i_0/Q[3]|state_holder/Q_reg[0]/D
2    |default|sysclk|sysclk |1500.0| 64.1|    3|1239.0|counter/i_0/Q[3]|state_holder/Q_reg[1]/D
3    |default|sysclk|sysclk |1500.0| 64.2|    2|1243.1|counter/i_0/Q[3]|state_holder/Q_reg[2]/D
-----+-------+------+-------+------+-----+-----+------+----------------+-----------------------
Report End Points: 
-----+-----+--------------+-------+------+-----+-----+-----+--------------+-----------------------
     |Group|Launch        |Capture|Shift |Delay|Depth|Slack|Begin Point   |End Point              
-----+-----+--------------+-------+------+-----+-----+-----+--------------+-----------------------
1    |I2R  |rtDefaultClock|sysclk |1500.0|274.8|    5|484.4|temperature[1]|state_holder/Q_reg[0]/D
2    |I2R  |rtDefaultClock|sysclk |1500.0|242.1|    6|517.8|temperature[1]|state_holder/Q_reg[1]/D
3    |I2R  |rtDefaultClock|sysclk |1500.0|233.5|    5|530.6|temperature[1]|state_holder/Q_reg[2]/D
-----+-----+--------------+-------+------+-----+-----+-----+--------------+-----------------------
Report End Points: 
-----+-----+------+-------+-----+-----+-----+-----+-----------+---------
     |Group|Launch|Capture|Shift|Delay|Depth|Slack|Begin Point|End Point
-----+-----+------+-------+-----+-----+-----+-----+-----------+---------
1    |I2O  |      |       |     |     |     |     |           |         
-----+-----+------+-------+-----+-----+-----+-----+-----------+---------
Report End Points: 
-----+-----+------+-------+-----+-----+-----+-----+-----------------------+------------
     |Group|Launch|Capture|Shift|Delay|Depth|Slack|Begin Point            |End Point   
-----+-----+------+-------+-----+-----+-----+-----+-----------------------+------------
1    |R2O  |sysclk|vsysclk|500.0| 59.6|    2|-20.7|state_holder/Q_reg[0]/Q|front_door  
2    |R2O  |sysclk|vsysclk|500.0| 51.8|    2|-20.6|state_holder/Q_reg[1]/Q|alarm_buzzer
3    |R2O  |sysclk|vsysclk|500.0| 51.8|    2|-20.6|state_holder/Q_reg[2]/Q|heater      
-----+-----+------+-------+-----+-----+-----+-----+-----------------------+------------
